Performing C++ SOURCE FILE Test CMAKE_HAVE_LIBC_PTHREAD failed with the following output:
Change Dir: C:/Users/Constantin/Desktop/stream/WFlowLab/Contor/CMakeFiles/CMakeTmp

Run Build Command(s):C:/Program Files/Microsoft Visual Studio/2022/Community/MSBuild/Current/Bin/amd64/MSBuild.exe cmTC_9fad4.vcxproj /p:Configuration=Debug /p:Platform=x64 /p:VisualStudioVersion=17.0 /v:m && MSBuild version 17.4.1+9a89d02ff for .NET Framework
  Microsoft (R) C/C++ Optimizing Compiler Version 19.34.31937 for x64
  src.cxx
  Copyright (C) Microsoft Corporation.  All rights reserved.
  cl /c /Zi /W3 /WX- /diagnostics:column /Od /Ob0 /D _MBCS /D WIN32 /D _WINDOWS /D CMAKE_HAVE_LIBC_PTHREAD /D "CMAKE_INTDIR=\"Debug\"" /Gm- /EHsc /RTC1 /MDd /GS /fp:precise /Zc:wchar_t /Zc:forScope /Zc:inline /GR /Fo"cmTC_9fad4.dir\Debug\\" /Fd"cmTC_9fad4.dir\Debug\vc143.pdb" /external:W3 /Gd /TP /errorReport:queue C:\Users\Constantin\Desktop\stream\WFlowLab\Contor\CMakeFiles\CMakeTmp\src.cxx
C:\Users\Constantin\Desktop\stream\WFlowLab\Contor\CMakeFiles\CMakeTmp\src.cxx(1,10): fatal  error C1083: Cannot open include file: 'pthread.h': No such file or directory [C:\Users\Constantin\Desktop\stream\WFlowLab\Contor\CMakeFiles\CMakeTmp\cmTC_9fad4.vcxproj]


Source file was:
#include <pthread.h>

static void* test_func(void* data)
{
  return data;
}

int main(void)
{
  pthread_t thread;
  pthread_create(&thread, NULL, test_func, NULL);
  pthread_detach(thread);
  pthread_cancel(thread);
  pthread_join(thread, NULL);
  pthread_atfork(NULL, NULL, NULL);
  pthread_exit(NULL);

  return 0;
}

Determining if the function pthread_create exists in the pthreads failed with the following output:
Change Dir: C:/Users/Constantin/Desktop/stream/WFlowLab/Contor/CMakeFiles/CMakeTmp

Run Build Command(s):C:/Program Files/Microsoft Visual Studio/2022/Community/MSBuild/Current/Bin/amd64/MSBuild.exe cmTC_4f771.vcxproj /p:Configuration=Debug /p:Platform=x64 /p:VisualStudioVersion=17.0 /v:m && MSBuild version 17.4.1+9a89d02ff for .NET Framework
  Microsoft (R) C/C++ Optimizing Compiler Version 19.34.31937 for x64
  CheckFunctionExists.cxx
  Copyright (C) Microsoft Corporation.  All rights reserved.
  cl /c /Zi /W3 /WX- /diagnostics:column /Od /Ob0 /D _MBCS /D WIN32 /D _WINDOWS /D CHECK_FUNCTION_EXISTS=pthread_create /D "CMAKE_INTDIR=\"Debug\"" /Gm- /EHsc /RTC1 /MDd /GS /fp:precise /Zc:wchar_t /Zc:forScope /Zc:inline /GR /Fo"cmTC_4f771.dir\Debug\\" /Fd"cmTC_4f771.dir\Debug\vc143.pdb" /external:W3 /Gd /TP /errorReport:queue C:\Users\Constantin\Desktop\stream\WFlowLab\Contor\CMakeFiles\CheckLibraryExists\CheckFunctionExists.cxx
LINK : fatal error LNK1104: cannot open file 'pthreads.lib' [C:\Users\Constantin\Desktop\stream\WFlowLab\Contor\CMakeFiles\CMakeTmp\cmTC_4f771.vcxproj]



Determining if the function pthread_create exists in the pthread failed with the following output:
Change Dir: C:/Users/Constantin/Desktop/stream/WFlowLab/Contor/CMakeFiles/CMakeTmp

Run Build Command(s):C:/Program Files/Microsoft Visual Studio/2022/Community/MSBuild/Current/Bin/amd64/MSBuild.exe cmTC_7ea4a.vcxproj /p:Configuration=Debug /p:Platform=x64 /p:VisualStudioVersion=17.0 /v:m && MSBuild version 17.4.1+9a89d02ff for .NET Framework
  Microsoft (R) C/C++ Optimizing Compiler Version 19.34.31937 for x64
  CheckFunctionExists.cxx
  Copyright (C) Microsoft Corporation.  All rights reserved.
  cl /c /Zi /W3 /WX- /diagnostics:column /Od /Ob0 /D _MBCS /D WIN32 /D _WINDOWS /D CHECK_FUNCTION_EXISTS=pthread_create /D "CMAKE_INTDIR=\"Debug\"" /Gm- /EHsc /RTC1 /MDd /GS /fp:precise /Zc:wchar_t /Zc:forScope /Zc:inline /GR /Fo"cmTC_7ea4a.dir\Debug\\" /Fd"cmTC_7ea4a.dir\Debug\vc143.pdb" /external:W3 /Gd /TP /errorReport:queue C:\Users\Constantin\Desktop\stream\WFlowLab\Contor\CMakeFiles\CheckLibraryExists\CheckFunctionExists.cxx
LINK : fatal error LNK1104: cannot open file 'pthread.lib' [C:\Users\Constantin\Desktop\stream\WFlowLab\Contor\CMakeFiles\CMakeTmp\cmTC_7ea4a.vcxproj]



