\BOOKMARK [0][-]{chapter.1}{\376\377\0001\000\040\000H\000i\000e\000r\000a\000r\000c\000h\000i\000c\000a\000l\000\040\000I\000n\000d\000e\000x}{}% 1
\BOOKMARK [1][-]{section.1.1}{\376\377\0001\000.\0001\000\040\000C\000l\000a\000s\000s\000\040\000H\000i\000e\000r\000a\000r\000c\000h\000y}{chapter.1}% 2
\BOOKMARK [0][-]{chapter.2}{\376\377\0002\000\040\000C\000l\000a\000s\000s\000\040\000I\000n\000d\000e\000x}{}% 3
\BOOKMARK [1][-]{section.2.1}{\376\377\0002\000.\0001\000\040\000C\000l\000a\000s\000s\000\040\000L\000i\000s\000t}{chapter.2}% 4
\BOOKMARK [0][-]{chapter.3}{\376\377\0003\000\040\000F\000i\000l\000e\000\040\000I\000n\000d\000e\000x}{}% 5
\BOOKMARK [1][-]{section.3.1}{\376\377\0003\000.\0001\000\040\000F\000i\000l\000e\000\040\000L\000i\000s\000t}{chapter.3}% 6
\BOOKMARK [0][-]{chapter.4}{\376\377\0004\000\040\000C\000l\000a\000s\000s\000\040\000D\000o\000c\000u\000m\000e\000n\000t\000a\000t\000i\000o\000n}{}% 7
\BOOKMARK [1][-]{section.4.1}{\376\377\0004\000.\0001\000\040\000H\000e\000l\000p\000A\000b\000o\000u\000t\000\040\000C\000l\000a\000s\000s\000\040\000R\000e\000f\000e\000r\000e\000n\000c\000e}{chapter.4}% 8
\BOOKMARK [1][-]{section.4.2}{\376\377\0004\000.\0002\000\040\000I\000n\000t\000e\000r\000f\000a\000c\000e\000\040\000C\000l\000a\000s\000s\000\040\000R\000e\000f\000e\000r\000e\000n\000c\000e}{chapter.4}% 9
\BOOKMARK [2][-]{subsection.4.2.1}{\376\377\0004\000.\0002\000.\0001\000\040\000D\000e\000t\000a\000i\000l\000e\000d\000\040\000D\000e\000s\000c\000r\000i\000p\000t\000i\000o\000n}{section.4.2}% 10
\BOOKMARK [2][-]{subsection.4.2.2}{\376\377\0004\000.\0002\000.\0002\000\040\000C\000o\000n\000s\000t\000r\000u\000c\000t\000o\000r\000\040\000\046\000\040\000D\000e\000s\000t\000r\000u\000c\000t\000o\000r\000\040\000D\000o\000c\000u\000m\000e\000n\000t\000a\000t\000i\000o\000n}{section.4.2}% 11
\BOOKMARK [3][-]{subsubsection.4.2.2.1}{\376\377\0004\000.\0002\000.\0002\000.\0001\000\040\000I\000n\000t\000e\000r\000f\000a\000c\000e\000\050\000\051}{subsection.4.2.2}% 12
\BOOKMARK [3][-]{subsubsection.4.2.2.2}{\376\377\0004\000.\0002\000.\0002\000.\0002\000\040\000~\000I\000n\000t\000e\000r\000f\000a\000c\000e\000\050\000\051}{subsection.4.2.2}% 13
\BOOKMARK [2][-]{subsection.4.2.3}{\376\377\0004\000.\0002\000.\0003\000\040\000M\000e\000m\000b\000e\000r\000\040\000F\000u\000n\000c\000t\000i\000o\000n\000\040\000D\000o\000c\000u\000m\000e\000n\000t\000a\000t\000i\000o\000n}{section.4.2}% 14
\BOOKMARK [3][-]{subsubsection.4.2.3.1}{\376\377\0004\000.\0002\000.\0003\000.\0001\000\040\000c\000h\000e\000c\000k\000M\000o\000d\000b\000u\000s\000A\000d\000d\000r\000e\000s\000s\000\050\000\051}{subsection.4.2.3}% 15
\BOOKMARK [3][-]{subsubsection.4.2.3.2}{\376\377\0004\000.\0002\000.\0003\000.\0002\000\040\000T\000r\000a\000n\000s\000l\000a\000t\000e\000\050\000\051}{subsection.4.2.3}% 16
\BOOKMARK [1][-]{section.4.3}{\376\377\0004\000.\0003\000\040\000L\000e\000d\000I\000n\000d\000i\000c\000a\000t\000o\000r\000\040\000C\000l\000a\000s\000s\000\040\000R\000e\000f\000e\000r\000e\000n\000c\000e}{chapter.4}% 17
\BOOKMARK [2][-]{subsection.4.3.1}{\376\377\0004\000.\0003\000.\0001\000\040\000D\000e\000t\000a\000i\000l\000e\000d\000\040\000D\000e\000s\000c\000r\000i\000p\000t\000i\000o\000n}{section.4.3}% 18
\BOOKMARK [2][-]{subsection.4.3.2}{\376\377\0004\000.\0003\000.\0002\000\040\000C\000o\000n\000s\000t\000r\000u\000c\000t\000o\000r\000\040\000\046\000\040\000D\000e\000s\000t\000r\000u\000c\000t\000o\000r\000\040\000D\000o\000c\000u\000m\000e\000n\000t\000a\000t\000i\000o\000n}{section.4.3}% 19
\BOOKMARK [3][-]{subsubsection.4.3.2.1}{\376\377\0004\000.\0003\000.\0002\000.\0001\000\040\000L\000e\000d\000I\000n\000d\000i\000c\000a\000t\000o\000r\000\050\000\051}{subsection.4.3.2}% 20
\BOOKMARK [2][-]{subsection.4.3.3}{\376\377\0004\000.\0003\000.\0003\000\040\000M\000e\000m\000b\000e\000r\000\040\000F\000u\000n\000c\000t\000i\000o\000n\000\040\000D\000o\000c\000u\000m\000e\000n\000t\000a\000t\000i\000o\000n}{section.4.3}% 21
\BOOKMARK [3][-]{subsubsection.4.3.3.1}{\376\377\0004\000.\0003\000.\0003\000.\0001\000\040\000p\000a\000i\000n\000t\000E\000v\000e\000n\000t\000\050\000\051}{subsection.4.3.3}% 22
\BOOKMARK [3][-]{subsubsection.4.3.3.2}{\376\377\0004\000.\0003\000.\0003\000.\0002\000\040\000s\000e\000t\000L\000e\000d\000S\000i\000z\000e\000\050\000\051}{subsection.4.3.3}% 23
\BOOKMARK [3][-]{subsubsection.4.3.3.3}{\376\377\0004\000.\0003\000.\0003\000.\0003\000\040\000s\000e\000t\000O\000f\000f\000C\000o\000l\000o\000r\000\050\000\051}{subsection.4.3.3}% 24
\BOOKMARK [3][-]{subsubsection.4.3.3.4}{\376\377\0004\000.\0003\000.\0003\000.\0004\000\040\000s\000e\000t\000O\000f\000f\000P\000a\000t\000t\000e\000r\000n\000\050\000\051}{subsection.4.3.3}% 25
\BOOKMARK [3][-]{subsubsection.4.3.3.5}{\376\377\0004\000.\0003\000.\0003\000.\0005\000\040\000s\000e\000t\000O\000n\000C\000o\000l\000o\000r\000\050\000\051}{subsection.4.3.3}% 26
\BOOKMARK [3][-]{subsubsection.4.3.3.6}{\376\377\0004\000.\0003\000.\0003\000.\0006\000\040\000s\000e\000t\000O\000n\000P\000a\000t\000t\000e\000r\000n\000\050\000\051}{subsection.4.3.3}% 27
\BOOKMARK [3][-]{subsubsection.4.3.3.7}{\376\377\0004\000.\0003\000.\0003\000.\0007\000\040\000s\000e\000t\000S\000t\000a\000t\000e\000\050\000\051}{subsection.4.3.3}% 28
\BOOKMARK [3][-]{subsubsection.4.3.3.8}{\376\377\0004\000.\0003\000.\0003\000.\0008\000\040\000s\000w\000i\000t\000c\000h\000L\000e\000d\000I\000n\000d\000i\000c\000a\000t\000o\000r}{subsection.4.3.3}% 29
\BOOKMARK [3][-]{subsubsection.4.3.3.9}{\376\377\0004\000.\0003\000.\0003\000.\0009\000\040\000t\000o\000g\000g\000l\000e\000\050\000\051}{subsection.4.3.3}% 30
\BOOKMARK [1][-]{section.4.4}{\376\377\0004\000.\0004\000\040\000L\000i\000c\000e\000n\000s\000e\000\040\000C\000l\000a\000s\000s\000\040\000R\000e\000f\000e\000r\000e\000n\000c\000e}{chapter.4}% 31
\BOOKMARK [2][-]{subsection.4.4.1}{\376\377\0004\000.\0004\000.\0001\000\040\000D\000e\000t\000a\000i\000l\000e\000d\000\040\000D\000e\000s\000c\000r\000i\000p\000t\000i\000o\000n}{section.4.4}% 32
\BOOKMARK [2][-]{subsection.4.4.2}{\376\377\0004\000.\0004\000.\0002\000\040\000C\000o\000n\000s\000t\000r\000u\000c\000t\000o\000r\000\040\000\046\000\040\000D\000e\000s\000t\000r\000u\000c\000t\000o\000r\000\040\000D\000o\000c\000u\000m\000e\000n\000t\000a\000t\000i\000o\000n}{section.4.4}% 33
\BOOKMARK [3][-]{subsubsection.4.4.2.1}{\376\377\0004\000.\0004\000.\0002\000.\0001\000\040\000L\000i\000c\000e\000n\000s\000e\000\050\000\051}{subsection.4.4.2}% 34
\BOOKMARK [3][-]{subsubsection.4.4.2.2}{\376\377\0004\000.\0004\000.\0002\000.\0002\000\040\000~\000L\000i\000c\000e\000n\000s\000e\000\050\000\051}{subsection.4.4.2}% 35
\BOOKMARK [2][-]{subsection.4.4.3}{\376\377\0004\000.\0004\000.\0003\000\040\000M\000e\000m\000b\000e\000r\000\040\000F\000u\000n\000c\000t\000i\000o\000n\000\040\000D\000o\000c\000u\000m\000e\000n\000t\000a\000t\000i\000o\000n}{section.4.4}% 36
\BOOKMARK [3][-]{subsubsection.4.4.3.1}{\376\377\0004\000.\0004\000.\0003\000.\0001\000\040\000T\000r\000a\000n\000s\000l\000a\000t\000e\000\050\000\051}{subsection.4.4.3}% 37
\BOOKMARK [1][-]{section.4.5}{\376\377\0004\000.\0005\000\040\000M\000a\000i\000n\000W\000i\000n\000d\000o\000w\000\040\000C\000l\000a\000s\000s\000\040\000R\000e\000f\000e\000r\000e\000n\000c\000e}{chapter.4}% 38
\BOOKMARK [2][-]{subsection.4.5.1}{\376\377\0004\000.\0005\000.\0001\000\040\000M\000e\000m\000b\000e\000r\000\040\000T\000y\000p\000e\000d\000e\000f\000\040\000D\000o\000c\000u\000m\000e\000n\000t\000a\000t\000i\000o\000n}{section.4.5}% 39
\BOOKMARK [3][-]{subsubsection.4.5.1.1}{\376\377\0004\000.\0005\000.\0001\000.\0001\000\040\000E\000n\000u\000m\000e\000r\000a\000t\000e\000S\000e\000r\000i\000a\000l\000P\000o\000r\000t\000s}{subsection.4.5.1}% 40
\BOOKMARK [2][-]{subsection.4.5.2}{\376\377\0004\000.\0005\000.\0002\000\040\000C\000o\000n\000s\000t\000r\000u\000c\000t\000o\000r\000\040\000\046\000\040\000D\000e\000s\000t\000r\000u\000c\000t\000o\000r\000\040\000D\000o\000c\000u\000m\000e\000n\000t\000a\000t\000i\000o\000n}{section.4.5}% 41
\BOOKMARK [3][-]{subsubsection.4.5.2.1}{\376\377\0004\000.\0005\000.\0002\000.\0001\000\040\000M\000a\000i\000n\000W\000i\000n\000d\000o\000w\000\050\000\051}{subsection.4.5.2}% 42
\BOOKMARK [3][-]{subsubsection.4.5.2.2}{\376\377\0004\000.\0005\000.\0002\000.\0002\000\040\000~\000M\000a\000i\000n\000W\000i\000n\000d\000o\000w\000\050\000\051}{subsection.4.5.2}% 43
\BOOKMARK [2][-]{subsection.4.5.3}{\376\377\0004\000.\0005\000.\0003\000\040\000M\000e\000m\000b\000e\000r\000\040\000F\000u\000n\000c\000t\000i\000o\000n\000\040\000D\000o\000c\000u\000m\000e\000n\000t\000a\000t\000i\000o\000n}{section.4.5}% 44
\BOOKMARK [3][-]{subsubsection.4.5.3.1}{\376\377\0004\000.\0005\000.\0003\000.\0001\000\040\000C\000e\000n\000t\000e\000r\000T\000o\000S\000c\000r\000e\000e\000n\000\050\000\051}{subsection.4.5.3}% 45
\BOOKMARK [3][-]{subsubsection.4.5.3.2}{\376\377\0004\000.\0005\000.\0003\000.\0002\000\040\000e\000v\000e\000n\000t\000F\000i\000l\000t\000e\000r\000\050\000\051}{subsection.4.5.3}% 46
\BOOKMARK [3][-]{subsubsection.4.5.3.3}{\376\377\0004\000.\0005\000.\0003\000.\0003\000\040\000m\000o\000u\000s\000e\000P\000r\000e\000s\000s\000E\000v\000e\000n\000t\000\050\000\051}{subsection.4.5.3}% 47
\BOOKMARK [3][-]{subsubsection.4.5.3.4}{\376\377\0004\000.\0005\000.\0003\000.\0004\000\040\000R\000e\000a\000d\000C\000o\000n\000f\000i\000g\000u\000r\000a\000t\000i\000o\000n\000\050\000\051}{subsection.4.5.3}% 48
\BOOKMARK [3][-]{subsubsection.4.5.3.5}{\376\377\0004\000.\0005\000.\0003\000.\0005\000\040\000S\000e\000l\000e\000c\000t\000M\000e\000t\000e\000r\000C\000o\000m\000b\000o\000B\000o\000x\000\050\000\051}{subsection.4.5.3}% 49
\BOOKMARK [3][-]{subsubsection.4.5.3.6}{\376\377\0004\000.\0005\000.\0003\000.\0006\000\040\000S\000e\000t\000D\000e\000f\000a\000u\000l\000t\000C\000o\000n\000f\000i\000g\000u\000r\000a\000t\000i\000o\000n\000\050\000\051}{subsection.4.5.3}% 50
\BOOKMARK [3][-]{subsubsection.4.5.3.7}{\376\377\0004\000.\0005\000.\0003\000.\0007\000\040\000s\000e\000t\000L\000a\000b\000e\000l\000V\000a\000l\000u\000e\000\050\000\051}{subsection.4.5.3}% 51
\BOOKMARK [3][-]{subsubsection.4.5.3.8}{\376\377\0004\000.\0005\000.\0003\000.\0008\000\040\000T\000r\000a\000n\000s\000l\000a\000t\000e\000\050\000\051}{subsection.4.5.3}% 52
\BOOKMARK [3][-]{subsubsection.4.5.3.9}{\376\377\0004\000.\0005\000.\0003\000.\0009\000\040\000u\000p\000d\000a\000t\000e\000S\000e\000l\000e\000c\000t\000e\000d\000I\000n\000f\000o\000\050\000\051}{subsection.4.5.3}% 53
\BOOKMARK [2][-]{subsection.4.5.4}{\376\377\0004\000.\0005\000.\0004\000\040\000M\000e\000m\000b\000e\000r\000\040\000D\000a\000t\000a\000\040\000D\000o\000c\000u\000m\000e\000n\000t\000a\000t\000i\000o\000n}{section.4.5}% 54
\BOOKMARK [3][-]{subsubsection.4.5.4.1}{\376\377\0004\000.\0005\000.\0004\000.\0001\000\040\000a\000l\000i\000g\000n\000m\000e\000n\000t\000G\000r\000o\000u\000p}{subsection.4.5.4}% 55
\BOOKMARK [3][-]{subsubsection.4.5.4.2}{\376\377\0004\000.\0005\000.\0004\000.\0002\000\040\000h\000e\000l\000p\000A\000b\000o\000u\000t}{subsection.4.5.4}% 56
\BOOKMARK [3][-]{subsubsection.4.5.4.3}{\376\377\0004\000.\0005\000.\0004\000.\0003\000\040\000i\000n\000p\000u\000t\000D\000a\000t\000a}{subsection.4.5.4}% 57
\BOOKMARK [3][-]{subsubsection.4.5.4.4}{\376\377\0004\000.\0005\000.\0004\000.\0004\000\040\000i\000n\000t\000e\000r\000f\000a\000c\000e\000D\000i\000a\000l\000o\000g}{subsection.4.5.4}% 58
\BOOKMARK [3][-]{subsubsection.4.5.4.5}{\376\377\0004\000.\0005\000.\0004\000.\0005\000\040\000L\000E\000D}{subsection.4.5.4}% 59
\BOOKMARK [3][-]{subsubsection.4.5.4.6}{\376\377\0004\000.\0005\000.\0004\000.\0006\000\040\000l\000i\000c\000e\000n\000s\000e\000D\000i\000a\000l\000o\000g}{subsection.4.5.4}% 60
\BOOKMARK [3][-]{subsubsection.4.5.4.7}{\376\377\0004\000.\0005\000.\0004\000.\0007\000\040\000M\000A\000X\000\137\000N\000R\000\137\000W\000A\000T\000E\000R\000\137\000M\000E\000T\000E\000R\000S}{subsection.4.5.4}% 61
\BOOKMARK [3][-]{subsubsection.4.5.4.8}{\376\377\0004\000.\0005\000.\0004\000.\0008\000\040\000N\000U\000M\000B\000E\000R\000\137\000E\000N\000T\000R\000I\000E\000S\000\137\000M\000E\000T\000E\000R\000\137\000F\000L\000O\000W\000\137\000D\000B}{subsection.4.5.4}% 62
\BOOKMARK [3][-]{subsubsection.4.5.4.9}{\376\377\0004\000.\0005\000.\0004\000.\0009\000\040\000o\000p\000t\000i\000o\000n\000s\000C\000o\000n\000f\000i\000g\000u\000r\000a\000t\000i\000o\000n}{subsection.4.5.4}% 63
\BOOKMARK [3][-]{subsubsection.4.5.4.10}{\376\377\0004\000.\0005\000.\0004\000.\0001\0000\000\040\000s\000e\000l\000e\000c\000t\000e\000d\000I\000n\000f\000o}{subsection.4.5.4}% 64
\BOOKMARK [3][-]{subsubsection.4.5.4.11}{\376\377\0004\000.\0005\000.\0004\000.\0001\0001\000\040\000s\000e\000r\000i\000a\000l\000P\000o\000r\000t\000s}{subsection.4.5.4}% 65
\BOOKMARK [3][-]{subsubsection.4.5.4.12}{\376\377\0004\000.\0005\000.\0004\000.\0001\0002\000\040\000u\000i}{subsection.4.5.4}% 66
\BOOKMARK [1][-]{section.4.6}{\376\377\0004\000.\0006\000\040\000M\000D\0005\000\040\000C\000l\000a\000s\000s\000\040\000R\000e\000f\000e\000r\000e\000n\000c\000e}{chapter.4}% 67
\BOOKMARK [2][-]{subsection.4.6.1}{\376\377\0004\000.\0006\000.\0001\000\040\000D\000e\000t\000a\000i\000l\000e\000d\000\040\000D\000e\000s\000c\000r\000i\000p\000t\000i\000o\000n}{section.4.6}% 68
\BOOKMARK [2][-]{subsection.4.6.2}{\376\377\0004\000.\0006\000.\0002\000\040\000C\000o\000n\000s\000t\000r\000u\000c\000t\000o\000r\000\040\000\046\000\040\000D\000e\000s\000t\000r\000u\000c\000t\000o\000r\000\040\000D\000o\000c\000u\000m\000e\000n\000t\000a\000t\000i\000o\000n}{section.4.6}% 69
\BOOKMARK [3][-]{subsubsection.4.6.2.1}{\376\377\0004\000.\0006\000.\0002\000.\0001\000\040\000M\000D\0005\000\050\000\051\000\040\000[\0001\000/\0002\000]}{subsection.4.6.2}% 70
\BOOKMARK [3][-]{subsubsection.4.6.2.2}{\376\377\0004\000.\0006\000.\0002\000.\0002\000\040\000M\000D\0005\000\050\000\051\000\040\000[\0002\000/\0002\000]}{subsection.4.6.2}% 71
\BOOKMARK [2][-]{subsection.4.6.3}{\376\377\0004\000.\0006\000.\0003\000\040\000M\000e\000m\000b\000e\000r\000\040\000F\000u\000n\000c\000t\000i\000o\000n\000\040\000D\000o\000c\000u\000m\000e\000n\000t\000a\000t\000i\000o\000n}{section.4.6}% 72
\BOOKMARK [3][-]{subsubsection.4.6.3.1}{\376\377\0004\000.\0006\000.\0003\000.\0001\000\040\000f\000i\000n\000a\000l\000i\000z\000e\000\050\000\051}{subsection.4.6.3}% 73
\BOOKMARK [3][-]{subsubsection.4.6.3.2}{\376\377\0004\000.\0006\000.\0003\000.\0002\000\040\000h\000e\000x\000d\000i\000g\000e\000s\000t\000\050\000\051}{subsection.4.6.3}% 74
\BOOKMARK [3][-]{subsubsection.4.6.3.3}{\376\377\0004\000.\0006\000.\0003\000.\0003\000\040\000u\000p\000d\000a\000t\000e\000\050\000\051\000\040\000[\0001\000/\0002\000]}{subsection.4.6.3}% 75
\BOOKMARK [3][-]{subsubsection.4.6.3.4}{\376\377\0004\000.\0006\000.\0003\000.\0004\000\040\000u\000p\000d\000a\000t\000e\000\050\000\051\000\040\000[\0002\000/\0002\000]}{subsection.4.6.3}% 76
\BOOKMARK [2][-]{subsection.4.6.4}{\376\377\0004\000.\0006\000.\0004\000\040\000F\000r\000i\000e\000n\000d\000s\000\040\000A\000n\000d\000\040\000R\000e\000l\000a\000t\000e\000d\000\040\000S\000y\000m\000b\000o\000l\000\040\000D\000o\000c\000u\000m\000e\000n\000t\000a\000t\000i\000o\000n}{section.4.6}% 77
\BOOKMARK [3][-]{subsubsection.4.6.4.1}{\376\377\0004\000.\0006\000.\0004\000.\0001\000\040\000o\000p\000e\000r\000a\000t\000o\000r\000<\000<}{subsection.4.6.4}% 78
\BOOKMARK [1][-]{section.4.7}{\376\377\0004\000.\0007\000\040\000M\000e\000t\000e\000r\000F\000l\000o\000w\000T\000y\000p\000e\000\040\000S\000t\000r\000u\000c\000t\000\040\000R\000e\000f\000e\000r\000e\000n\000c\000e}{chapter.4}% 79
\BOOKMARK [2][-]{subsection.4.7.1}{\376\377\0004\000.\0007\000.\0001\000\040\000D\000e\000t\000a\000i\000l\000e\000d\000\040\000D\000e\000s\000c\000r\000i\000p\000t\000i\000o\000n}{section.4.7}% 80
\BOOKMARK [2][-]{subsection.4.7.2}{\376\377\0004\000.\0007\000.\0002\000\040\000C\000o\000n\000s\000t\000r\000u\000c\000t\000o\000r\000\040\000\046\000\040\000D\000e\000s\000t\000r\000u\000c\000t\000o\000r\000\040\000D\000o\000c\000u\000m\000e\000n\000t\000a\000t\000i\000o\000n}{section.4.7}% 81
\BOOKMARK [3][-]{subsubsection.4.7.2.1}{\376\377\0004\000.\0007\000.\0002\000.\0001\000\040\000M\000e\000t\000e\000r\000F\000l\000o\000w\000T\000y\000p\000e\000\050\000\051\000\040\000[\0001\000/\0002\000]}{subsection.4.7.2}% 82
\BOOKMARK [3][-]{subsubsection.4.7.2.2}{\376\377\0004\000.\0007\000.\0002\000.\0002\000\040\000M\000e\000t\000e\000r\000F\000l\000o\000w\000T\000y\000p\000e\000\050\000\051\000\040\000[\0002\000/\0002\000]}{subsection.4.7.2}% 83
\BOOKMARK [1][-]{section.4.8}{\376\377\0004\000.\0008\000\040\000P\000i\000x\000e\000l\000I\000m\000a\000g\000e\000W\000i\000d\000g\000e\000t\000\040\000C\000l\000a\000s\000s\000\040\000R\000e\000f\000e\000r\000e\000n\000c\000e}{chapter.4}% 84
\BOOKMARK [2][-]{subsection.4.8.1}{\376\377\0004\000.\0008\000.\0001\000\040\000D\000e\000t\000a\000i\000l\000e\000d\000\040\000D\000e\000s\000c\000r\000i\000p\000t\000i\000o\000n}{section.4.8}% 85
\BOOKMARK [2][-]{subsection.4.8.2}{\376\377\0004\000.\0008\000.\0002\000\040\000C\000o\000n\000s\000t\000r\000u\000c\000t\000o\000r\000\040\000\046\000\040\000D\000e\000s\000t\000r\000u\000c\000t\000o\000r\000\040\000D\000o\000c\000u\000m\000e\000n\000t\000a\000t\000i\000o\000n}{section.4.8}% 86
\BOOKMARK [3][-]{subsubsection.4.8.2.1}{\376\377\0004\000.\0008\000.\0002\000.\0001\000\040\000P\000i\000x\000e\000l\000I\000m\000a\000g\000e\000W\000i\000d\000g\000e\000t\000\050\000\051}{subsection.4.8.2}% 87
\BOOKMARK [2][-]{subsection.4.8.3}{\376\377\0004\000.\0008\000.\0003\000\040\000M\000e\000m\000b\000e\000r\000\040\000F\000u\000n\000c\000t\000i\000o\000n\000\040\000D\000o\000c\000u\000m\000e\000n\000t\000a\000t\000i\000o\000n}{section.4.8}% 88
\BOOKMARK [3][-]{subsubsection.4.8.3.1}{\376\377\0004\000.\0008\000.\0003\000.\0001\000\040\000c\000e\000n\000t\000e\000r\000e\000d\000R\000e\000c\000t\000\050\000\051}{subsection.4.8.3}% 89
\BOOKMARK [3][-]{subsubsection.4.8.3.2}{\376\377\0004\000.\0008\000.\0003\000.\0002\000\040\000E\000x\000e\000P\000a\000t\000h\000\050\000\051}{subsection.4.8.3}% 90
\BOOKMARK [3][-]{subsubsection.4.8.3.3}{\376\377\0004\000.\0008\000.\0003\000.\0003\000\040\000p\000a\000i\000n\000t\000E\000v\000e\000n\000t\000\050\000\051}{subsection.4.8.3}% 91
\BOOKMARK [1][-]{section.4.9}{\376\377\0004\000.\0009\000\040\000R\000e\000p\000o\000r\000t\000M\000e\000a\000s\000u\000r\000e\000m\000e\000n\000t\000s\000\040\000C\000l\000a\000s\000s\000\040\000R\000e\000f\000e\000r\000e\000n\000c\000e}{chapter.4}% 92
\BOOKMARK [2][-]{subsection.4.9.1}{\376\377\0004\000.\0009\000.\0001\000\040\000D\000e\000t\000a\000i\000l\000e\000d\000\040\000D\000e\000s\000c\000r\000i\000p\000t\000i\000o\000n}{section.4.9}% 93
\BOOKMARK [2][-]{subsection.4.9.2}{\376\377\0004\000.\0009\000.\0002\000\040\000C\000o\000n\000s\000t\000r\000u\000c\000t\000o\000r\000\040\000\046\000\040\000D\000e\000s\000t\000r\000u\000c\000t\000o\000r\000\040\000D\000o\000c\000u\000m\000e\000n\000t\000a\000t\000i\000o\000n}{section.4.9}% 94
\BOOKMARK [3][-]{subsubsection.4.9.2.1}{\376\377\0004\000.\0009\000.\0002\000.\0001\000\040\000R\000e\000p\000o\000r\000t\000M\000e\000a\000s\000u\000r\000e\000m\000e\000n\000t\000s\000\050\000\051}{subsection.4.9.2}% 95
\BOOKMARK [3][-]{subsubsection.4.9.2.2}{\376\377\0004\000.\0009\000.\0002\000.\0002\000\040\000~\000R\000e\000p\000o\000r\000t\000M\000e\000a\000s\000u\000r\000e\000m\000e\000n\000t\000s\000\050\000\051}{subsection.4.9.2}% 96
\BOOKMARK [2][-]{subsection.4.9.3}{\376\377\0004\000.\0009\000.\0003\000\040\000M\000e\000m\000b\000e\000r\000\040\000F\000u\000n\000c\000t\000i\000o\000n\000\040\000D\000o\000c\000u\000m\000e\000n\000t\000a\000t\000i\000o\000n}{section.4.9}% 97
\BOOKMARK [3][-]{subsubsection.4.9.3.1}{\376\377\0004\000.\0009\000.\0003\000.\0001\000\040\000p\000r\000i\000n\000t\000P\000d\000f\000T\000h\000r\000e\000a\000d\000\050\000\051}{subsection.4.9.3}% 98
\BOOKMARK [3][-]{subsubsection.4.9.3.2}{\376\377\0004\000.\0009\000.\0003\000.\0002\000\040\000T\000r\000a\000n\000s\000l\000a\000t\000e\000\050\000\051}{subsection.4.9.3}% 99
\BOOKMARK [1][-]{section.4.10}{\376\377\0004\000.\0001\0000\000\040\000R\000S\0004\0008\0005\000S\000e\000t\000t\000i\000n\000g\000I\000n\000f\000o\000\040\000S\000t\000r\000u\000c\000t\000\040\000R\000e\000f\000e\000r\000e\000n\000c\000e}{chapter.4}% 100
\BOOKMARK [2][-]{subsection.4.10.1}{\376\377\0004\000.\0001\0000\000.\0001\000\040\000D\000e\000t\000a\000i\000l\000e\000d\000\040\000D\000e\000s\000c\000r\000i\000p\000t\000i\000o\000n}{section.4.10}% 101
\BOOKMARK [1][-]{section.4.11}{\376\377\0004\000.\0001\0001\000\040\000S\000e\000l\000e\000c\000t\000e\000d\000I\000n\000f\000o\000\040\000S\000t\000r\000u\000c\000t\000\040\000R\000e\000f\000e\000r\000e\000n\000c\000e}{chapter.4}% 102
\BOOKMARK [2][-]{subsection.4.11.1}{\376\377\0004\000.\0001\0001\000.\0001\000\040\000D\000e\000t\000a\000i\000l\000e\000d\000\040\000D\000e\000s\000c\000r\000i\000p\000t\000i\000o\000n}{section.4.11}% 103
\BOOKMARK [2][-]{subsection.4.11.2}{\376\377\0004\000.\0001\0001\000.\0002\000\040\000C\000o\000n\000s\000t\000r\000u\000c\000t\000o\000r\000\040\000\046\000\040\000D\000e\000s\000t\000r\000u\000c\000t\000o\000r\000\040\000D\000o\000c\000u\000m\000e\000n\000t\000a\000t\000i\000o\000n}{section.4.11}% 104
\BOOKMARK [3][-]{subsubsection.4.11.2.1}{\376\377\0004\000.\0001\0001\000.\0002\000.\0001\000\040\000S\000e\000l\000e\000c\000t\000e\000d\000I\000n\000f\000o\000\050\000\051}{subsection.4.11.2}% 105
\BOOKMARK [2][-]{subsection.4.11.3}{\376\377\0004\000.\0001\0001\000.\0003\000\040\000M\000e\000m\000b\000e\000r\000\040\000D\000a\000t\000a\000\040\000D\000o\000c\000u\000m\000e\000n\000t\000a\000t\000i\000o\000n}{section.4.11}% 106
\BOOKMARK [3][-]{subsubsection.4.11.3.1}{\376\377\0004\000.\0001\0001\000.\0003\000.\0001\000\040\000a\000m\000b\000i\000e\000n\000t\000T\000e\000m\000p\000e\000r\000a\000t\000u\000r\000e}{subsection.4.11.3}% 107
\BOOKMARK [3][-]{subsubsection.4.11.3.2}{\376\377\0004\000.\0001\0001\000.\0003\000.\0002\000\040\000a\000t\000h\000m\000o\000s\000p\000h\000e\000r\000i\000c\000P\000r\000e\000s\000s\000u\000r\000e}{subsection.4.11.3}% 108
\BOOKMARK [3][-]{subsubsection.4.11.3.3}{\376\377\0004\000.\0001\0001\000.\0003\000.\0003\000\040\000c\000e\000r\000t\000i\000f\000i\000c\000a\000t\000e}{subsection.4.11.3}% 109
\BOOKMARK [3][-]{subsubsection.4.11.3.4}{\376\377\0004\000.\0001\0001\000.\0003\000.\0004\000\040\000d\000e\000n\000s\000i\000t\000y\000\137\0002\0000}{subsection.4.11.3}% 110
\BOOKMARK [3][-]{subsubsection.4.11.3.5}{\376\377\0004\000.\0001\0001\000.\0003\000.\0005\000\040\000e\000n\000t\000r\000i\000e\000s\000N\000u\000m\000b\000e\000r}{subsection.4.11.3}% 111
\BOOKMARK [3][-]{subsubsection.4.11.3.6}{\376\377\0004\000.\0001\0001\000.\0003\000.\0006\000\040\000m\000a\000x\000i\000m\000u\000m\000E\000r\000r\000o\000r}{subsection.4.11.3}% 112
\BOOKMARK [3][-]{subsubsection.4.11.3.7}{\376\377\0004\000.\0001\0001\000.\0003\000.\0007\000\040\000m\000a\000x\000i\000m\000u\000m\000F\000l\000o\000w}{subsection.4.11.3}% 113
\BOOKMARK [3][-]{subsubsection.4.11.3.8}{\376\377\0004\000.\0001\0001\000.\0003\000.\0008\000\040\000m\000i\000n\000i\000m\000u\000m\000F\000l\000o\000w}{subsection.4.11.3}% 114
\BOOKMARK [3][-]{subsubsection.4.11.3.9}{\376\377\0004\000.\0001\0001\000.\0003\000.\0009\000\040\000m\000o\000d\000b\000u\000s\000D\000e\000v\000i\000c\000e}{subsection.4.11.3}% 115
\BOOKMARK [3][-]{subsubsection.4.11.3.10}{\376\377\0004\000.\0001\0001\000.\0003\000.\0001\0000\000\040\000n\000a\000m\000e\000W\000a\000t\000e\000r\000M\000e\000t\000e\000r}{subsection.4.11.3}% 116
\BOOKMARK [3][-]{subsubsection.4.11.3.11}{\376\377\0004\000.\0001\0001\000.\0003\000.\0001\0001\000\040\000n\000o\000m\000i\000n\000a\000l\000D\000i\000a\000m\000e\000t\000e\000r}{subsection.4.11.3}% 117
\BOOKMARK [3][-]{subsubsection.4.11.3.12}{\376\377\0004\000.\0001\0001\000.\0003\000.\0001\0002\000\040\000n\000o\000m\000i\000n\000a\000l\000E\000r\000r\000o\000r}{subsection.4.11.3}% 118
\BOOKMARK [3][-]{subsubsection.4.11.3.13}{\376\377\0004\000.\0001\0001\000.\0003\000.\0001\0003\000\040\000n\000o\000m\000i\000n\000a\000l\000F\000l\000o\000w}{subsection.4.11.3}% 119
\BOOKMARK [3][-]{subsubsection.4.11.3.14}{\376\377\0004\000.\0001\0001\000.\0003\000.\0001\0004\000\040\000p\000a\000t\000h\000R\000e\000s\000u\000l\000t\000s}{subsection.4.11.3}% 120
\BOOKMARK [3][-]{subsubsection.4.11.3.15}{\376\377\0004\000.\0001\0001\000.\0003\000.\0001\0005\000\040\000r\000b\000G\000r\000a\000v\000i\000m\000e\000t\000r\000i\000c\000\137\000n\000e\000w}{subsection.4.11.3}% 121
\BOOKMARK [3][-]{subsubsection.4.11.3.16}{\376\377\0004\000.\0001\0001\000.\0003\000.\0001\0006\000\040\000r\000b\000I\000n\000t\000e\000r\000f\000a\000c\000e}{subsection.4.11.3}% 122
\BOOKMARK [3][-]{subsubsection.4.11.3.17}{\376\377\0004\000.\0001\0001\000.\0003\000.\0001\0007\000\040\000r\000b\000M\000a\000n\000u\000a\000l}{subsection.4.11.3}% 123
\BOOKMARK [3][-]{subsubsection.4.11.3.18}{\376\377\0004\000.\0001\0001\000.\0003\000.\0001\0008\000\040\000r\000b\000T\000e\000r\000m\000i\000n\000a\000l}{subsection.4.11.3}% 124
\BOOKMARK [3][-]{subsubsection.4.11.3.19}{\376\377\0004\000.\0001\0001\000.\0003\000.\0001\0009\000\040\000r\000b\000V\000o\000l\000u\000m\000e\000t\000r\000i\000c}{subsection.4.11.3}% 125
\BOOKMARK [3][-]{subsubsection.4.11.3.20}{\376\377\0004\000.\0001\0001\000.\0003\000.\0002\0000\000\040\000r\000e\000l\000a\000t\000i\000v\000e\000A\000i\000r\000H\000u\000m\000i\000d\000i\000t\000y}{subsection.4.11.3}% 126
\BOOKMARK [3][-]{subsubsection.4.11.3.21}{\376\377\0004\000.\0001\0001\000.\0003\000.\0002\0001\000\040\000s\000e\000l\000e\000c\000t\000e\000d\000L\000a\000n\000g\000u\000a\000g\000e}{subsection.4.11.3}% 127
\BOOKMARK [3][-]{subsubsection.4.11.3.22}{\376\377\0004\000.\0001\0001\000.\0003\000.\0002\0002\000\040\000s\000e\000r\000i\000a\000l\000P\000o\000r\000t}{subsection.4.11.3}% 128
\BOOKMARK [3][-]{subsubsection.4.11.3.23}{\376\377\0004\000.\0001\0001\000.\0003\000.\0002\0003\000\040\000t\000r\000a\000s\000i\000t\000i\000o\000n\000F\000l\000o\000w}{subsection.4.11.3}% 129
\BOOKMARK [1][-]{section.4.12}{\376\377\0004\000.\0001\0002\000\040\000T\000a\000b\000l\000e\000B\000o\000a\000r\000d\000\040\000C\000l\000a\000s\000s\000\040\000R\000e\000f\000e\000r\000e\000n\000c\000e}{chapter.4}% 130
\BOOKMARK [2][-]{subsection.4.12.1}{\376\377\0004\000.\0001\0002\000.\0001\000\040\000D\000e\000t\000a\000i\000l\000e\000d\000\040\000D\000e\000s\000c\000r\000i\000p\000t\000i\000o\000n}{section.4.12}% 131
\BOOKMARK [2][-]{subsection.4.12.2}{\376\377\0004\000.\0001\0002\000.\0002\000\040\000C\000o\000n\000s\000t\000r\000u\000c\000t\000o\000r\000\040\000\046\000\040\000D\000e\000s\000t\000r\000u\000c\000t\000o\000r\000\040\000D\000o\000c\000u\000m\000e\000n\000t\000a\000t\000i\000o\000n}{section.4.12}% 132
\BOOKMARK [3][-]{subsubsection.4.12.2.1}{\376\377\0004\000.\0001\0002\000.\0002\000.\0001\000\040\000T\000a\000b\000l\000e\000B\000o\000a\000r\000d\000\050\000\051}{subsection.4.12.2}% 133
\BOOKMARK [3][-]{subsubsection.4.12.2.2}{\376\377\0004\000.\0001\0002\000.\0002\000.\0002\000\040\000~\000T\000a\000b\000l\000e\000B\000o\000a\000r\000d\000\050\000\051}{subsection.4.12.2}% 134
\BOOKMARK [2][-]{subsection.4.12.3}{\376\377\0004\000.\0001\0002\000.\0003\000\040\000M\000e\000m\000b\000e\000r\000\040\000F\000u\000n\000c\000t\000i\000o\000n\000\040\000D\000o\000c\000u\000m\000e\000n\000t\000a\000t\000i\000o\000n}{section.4.12}% 135
\BOOKMARK [3][-]{subsubsection.4.12.3.1}{\376\377\0004\000.\0001\0002\000.\0003\000.\0001\000\040\000P\000o\000p\000u\000l\000a\000t\000e\000T\000a\000b\000l\000e\000\050\000\051}{subsection.4.12.3}% 136
\BOOKMARK [3][-]{subsubsection.4.12.3.2}{\376\377\0004\000.\0001\0002\000.\0003\000.\0002\000\040\000p\000r\000i\000n\000t\000P\000d\000f\000T\000h\000r\000e\000a\000d\000\050\000\051}{subsection.4.12.3}% 137
\BOOKMARK [3][-]{subsubsection.4.12.3.3}{\376\377\0004\000.\0001\0002\000.\0003\000.\0003\000\040\000s\000h\000o\000w\000E\000v\000e\000n\000t\000\050\000\051}{subsection.4.12.3}% 138
\BOOKMARK [3][-]{subsubsection.4.12.3.4}{\376\377\0004\000.\0001\0002\000.\0003\000.\0004\000\040\000T\000r\000a\000n\000s\000l\000a\000t\000e\000\050\000\051}{subsection.4.12.3}% 139
\BOOKMARK [3][-]{subsubsection.4.12.3.5}{\376\377\0004\000.\0001\0002\000.\0003\000.\0005\000\040\000V\000a\000l\000i\000d\000a\000t\000o\000r\000I\000n\000p\000u\000t\000\050\000\051}{subsection.4.12.3}% 140
\BOOKMARK [0][-]{chapter.5}{\376\377\0005\000\040\000F\000i\000l\000e\000\040\000D\000o\000c\000u\000m\000e\000n\000t\000a\000t\000i\000o\000n}{}% 141
\BOOKMARK [1][-]{section.5.1}{\376\377\0005\000.\0001\000\040\000C\000:\000/\000U\000s\000e\000r\000s\000/\000C\000o\000n\000s\000t\000a\000n\000t\000i\000n\000/\000D\000e\000s\000k\000t\000o\000p\000/\000H\000E\000R\000E\000\137\000W\000F\000l\000o\000w\000L\000a\000b\000/\000M\000e\000t\000e\000r\000/\000d\000e\000f\000i\000n\000i\000t\000i\000o\000n\000s\000.\000h\000\040\000F\000i\000l\000e\000\040\000R\000e\000f\000e\000r\000e\000n\000c\000e}{chapter.5}% 142
\BOOKMARK [2][-]{subsection.5.1.1}{\376\377\0005\000.\0001\000.\0001\000\040\000D\000e\000t\000a\000i\000l\000e\000d\000\040\000D\000e\000s\000c\000r\000i\000p\000t\000i\000o\000n}{section.5.1}% 143
\BOOKMARK [1][-]{section.5.2}{\376\377\0005\000.\0002\000\040\000d\000e\000f\000i\000n\000i\000t\000i\000o\000n\000s\000.\000h}{chapter.5}% 144
\BOOKMARK [1][-]{section.5.3}{\376\377\0005\000.\0003\000\040\000C\000:\000/\000U\000s\000e\000r\000s\000/\000C\000o\000n\000s\000t\000a\000n\000t\000i\000n\000/\000D\000e\000s\000k\000t\000o\000p\000/\000H\000E\000R\000E\000\137\000W\000F\000l\000o\000w\000L\000a\000b\000/\000M\000e\000t\000e\000r\000/\000f\000l\000o\000w\000-\000m\000e\000t\000e\000r\000-\000t\000y\000p\000e\000.\000h\000\040\000F\000i\000l\000e\000\040\000R\000e\000f\000e\000r\000e\000n\000c\000e}{chapter.5}% 145
\BOOKMARK [2][-]{subsection.5.3.1}{\376\377\0005\000.\0003\000.\0001\000\040\000D\000e\000t\000a\000i\000l\000e\000d\000\040\000D\000e\000s\000c\000r\000i\000p\000t\000i\000o\000n}{section.5.3}% 146
\BOOKMARK [2][-]{subsection.5.3.2}{\376\377\0005\000.\0003\000.\0002\000\040\000F\000u\000n\000c\000t\000i\000o\000n\000\040\000D\000o\000c\000u\000m\000e\000n\000t\000a\000t\000i\000o\000n}{section.5.3}% 147
\BOOKMARK [3][-]{subsubsection.5.3.2.1}{\376\377\0005\000.\0003\000.\0002\000.\0001\000\040\000r\000e\000a\000d\000F\000l\000o\000w\000M\000e\000t\000e\000r\000T\000y\000p\000e\000s\000C\000S\000V\000\050\000\051}{subsection.5.3.2}% 148
\BOOKMARK [2][-]{subsection.5.3.3}{\376\377\0005\000.\0003\000.\0003\000\040\000V\000a\000r\000i\000a\000b\000l\000e\000\040\000D\000o\000c\000u\000m\000e\000n\000t\000a\000t\000i\000o\000n}{section.5.3}% 149
\BOOKMARK [3][-]{subsubsection.5.3.3.1}{\376\377\0005\000.\0003\000.\0003\000.\0001\000\040\000M\000e\000t\000e\000r\000F\000l\000o\000w\000D\000B}{subsection.5.3.3}% 150
\BOOKMARK [1][-]{section.5.4}{\376\377\0005\000.\0004\000\040\000f\000l\000o\000w\000-\000m\000e\000t\000e\000r\000-\000t\000y\000p\000e\000.\000h}{chapter.5}% 151
\BOOKMARK [1][-]{section.5.5}{\376\377\0005\000.\0005\000\040\000C\000:\000/\000U\000s\000e\000r\000s\000/\000C\000o\000n\000s\000t\000a\000n\000t\000i\000n\000/\000D\000e\000s\000k\000t\000o\000p\000/\000H\000E\000R\000E\000\137\000W\000F\000l\000o\000w\000L\000a\000b\000/\000M\000e\000t\000e\000r\000/\000h\000e\000l\000p\000a\000b\000o\000u\000t\000.\000c\000p\000p\000\040\000F\000i\000l\000e\000\040\000R\000e\000f\000e\000r\000e\000n\000c\000e}{chapter.5}% 152
\BOOKMARK [2][-]{subsection.5.5.1}{\376\377\0005\000.\0005\000.\0001\000\040\000D\000e\000t\000a\000i\000l\000e\000d\000\040\000D\000e\000s\000c\000r\000i\000p\000t\000i\000o\000n}{section.5.5}% 153
\BOOKMARK [1][-]{section.5.6}{\376\377\0005\000.\0006\000\040\000C\000:\000/\000U\000s\000e\000r\000s\000/\000C\000o\000n\000s\000t\000a\000n\000t\000i\000n\000/\000D\000e\000s\000k\000t\000o\000p\000/\000H\000E\000R\000E\000\137\000W\000F\000l\000o\000w\000L\000a\000b\000/\000M\000e\000t\000e\000r\000/\000h\000e\000l\000p\000a\000b\000o\000u\000t\000.\000h\000\040\000F\000i\000l\000e\000\040\000R\000e\000f\000e\000r\000e\000n\000c\000e}{chapter.5}% 154
\BOOKMARK [2][-]{subsection.5.6.1}{\376\377\0005\000.\0006\000.\0001\000\040\000D\000e\000t\000a\000i\000l\000e\000d\000\040\000D\000e\000s\000c\000r\000i\000p\000t\000i\000o\000n}{section.5.6}% 155
\BOOKMARK [1][-]{section.5.7}{\376\377\0005\000.\0007\000\040\000h\000e\000l\000p\000a\000b\000o\000u\000t\000.\000h}{chapter.5}% 156
\BOOKMARK [1][-]{section.5.8}{\376\377\0005\000.\0008\000\040\000C\000:\000/\000U\000s\000e\000r\000s\000/\000C\000o\000n\000s\000t\000a\000n\000t\000i\000n\000/\000D\000e\000s\000k\000t\000o\000p\000/\000H\000E\000R\000E\000\137\000W\000F\000l\000o\000w\000L\000a\000b\000/\000M\000e\000t\000e\000r\000/\000i\000n\000t\000e\000r\000f\000a\000c\000e\000.\000c\000p\000p\000\040\000F\000i\000l\000e\000\040\000R\000e\000f\000e\000r\000e\000n\000c\000e}{chapter.5}% 157
\BOOKMARK [2][-]{subsection.5.8.1}{\376\377\0005\000.\0008\000.\0001\000\040\000D\000e\000t\000a\000i\000l\000e\000d\000\040\000D\000e\000s\000c\000r\000i\000p\000t\000i\000o\000n}{section.5.8}% 158
\BOOKMARK [1][-]{section.5.9}{\376\377\0005\000.\0009\000\040\000C\000:\000/\000U\000s\000e\000r\000s\000/\000C\000o\000n\000s\000t\000a\000n\000t\000i\000n\000/\000D\000e\000s\000k\000t\000o\000p\000/\000H\000E\000R\000E\000\137\000W\000F\000l\000o\000w\000L\000a\000b\000/\000M\000e\000t\000e\000r\000/\000i\000n\000t\000e\000r\000f\000a\000c\000e\000.\000h\000\040\000F\000i\000l\000e\000\040\000R\000e\000f\000e\000r\000e\000n\000c\000e}{chapter.5}% 159
\BOOKMARK [2][-]{subsection.5.9.1}{\376\377\0005\000.\0009\000.\0001\000\040\000D\000e\000t\000a\000i\000l\000e\000d\000\040\000D\000e\000s\000c\000r\000i\000p\000t\000i\000o\000n}{section.5.9}% 160
\BOOKMARK [1][-]{section.5.10}{\376\377\0005\000.\0001\0000\000\040\000i\000n\000t\000e\000r\000f\000a\000c\000e\000.\000h}{chapter.5}% 161
\BOOKMARK [1][-]{section.5.11}{\376\377\0005\000.\0001\0001\000\040\000C\000:\000/\000U\000s\000e\000r\000s\000/\000C\000o\000n\000s\000t\000a\000n\000t\000i\000n\000/\000D\000e\000s\000k\000t\000o\000p\000/\000H\000E\000R\000E\000\137\000W\000F\000l\000o\000w\000L\000a\000b\000/\000M\000e\000t\000e\000r\000/\000l\000e\000d\000i\000n\000d\000i\000c\000a\000t\000o\000r\000.\000c\000p\000p\000\040\000F\000i\000l\000e\000\040\000R\000e\000f\000e\000r\000e\000n\000c\000e}{chapter.5}% 162
\BOOKMARK [2][-]{subsection.5.11.1}{\376\377\0005\000.\0001\0001\000.\0001\000\040\000D\000e\000t\000a\000i\000l\000e\000d\000\040\000D\000e\000s\000c\000r\000i\000p\000t\000i\000o\000n}{section.5.11}% 163
\BOOKMARK [1][-]{section.5.12}{\376\377\0005\000.\0001\0002\000\040\000C\000:\000/\000U\000s\000e\000r\000s\000/\000C\000o\000n\000s\000t\000a\000n\000t\000i\000n\000/\000D\000e\000s\000k\000t\000o\000p\000/\000H\000E\000R\000E\000\137\000W\000F\000l\000o\000w\000L\000a\000b\000/\000M\000e\000t\000e\000r\000/\000l\000e\000d\000i\000n\000d\000i\000c\000a\000t\000o\000r\000.\000h\000\040\000F\000i\000l\000e\000\040\000R\000e\000f\000e\000r\000e\000n\000c\000e}{chapter.5}% 164
\BOOKMARK [2][-]{subsection.5.12.1}{\376\377\0005\000.\0001\0002\000.\0001\000\040\000D\000e\000t\000a\000i\000l\000e\000d\000\040\000D\000e\000s\000c\000r\000i\000p\000t\000i\000o\000n}{section.5.12}% 165
\BOOKMARK [1][-]{section.5.13}{\376\377\0005\000.\0001\0003\000\040\000l\000e\000d\000i\000n\000d\000i\000c\000a\000t\000o\000r\000.\000h}{chapter.5}% 166
\BOOKMARK [1][-]{section.5.14}{\376\377\0005\000.\0001\0004\000\040\000C\000:\000/\000U\000s\000e\000r\000s\000/\000C\000o\000n\000s\000t\000a\000n\000t\000i\000n\000/\000D\000e\000s\000k\000t\000o\000p\000/\000H\000E\000R\000E\000\137\000W\000F\000l\000o\000w\000L\000a\000b\000/\000M\000e\000t\000e\000r\000/\000l\000i\000c\000e\000n\000s\000e\000.\000c\000p\000p\000\040\000F\000i\000l\000e\000\040\000R\000e\000f\000e\000r\000e\000n\000c\000e}{chapter.5}% 167
\BOOKMARK [2][-]{subsection.5.14.1}{\376\377\0005\000.\0001\0004\000.\0001\000\040\000D\000e\000t\000a\000i\000l\000e\000d\000\040\000D\000e\000s\000c\000r\000i\000p\000t\000i\000o\000n}{section.5.14}% 168
\BOOKMARK [1][-]{section.5.15}{\376\377\0005\000.\0001\0005\000\040\000C\000:\000/\000U\000s\000e\000r\000s\000/\000C\000o\000n\000s\000t\000a\000n\000t\000i\000n\000/\000D\000e\000s\000k\000t\000o\000p\000/\000H\000E\000R\000E\000\137\000W\000F\000l\000o\000w\000L\000a\000b\000/\000M\000e\000t\000e\000r\000/\000l\000i\000c\000e\000n\000s\000e\000.\000h\000\040\000F\000i\000l\000e\000\040\000R\000e\000f\000e\000r\000e\000n\000c\000e}{chapter.5}% 169
\BOOKMARK [2][-]{subsection.5.15.1}{\376\377\0005\000.\0001\0005\000.\0001\000\040\000D\000e\000t\000a\000i\000l\000e\000d\000\040\000D\000e\000s\000c\000r\000i\000p\000t\000i\000o\000n}{section.5.15}% 170
\BOOKMARK [1][-]{section.5.16}{\376\377\0005\000.\0001\0006\000\040\000l\000i\000c\000e\000n\000s\000e\000.\000h}{chapter.5}% 171
\BOOKMARK [1][-]{section.5.17}{\376\377\0005\000.\0001\0007\000\040\000C\000:\000/\000U\000s\000e\000r\000s\000/\000C\000o\000n\000s\000t\000a\000n\000t\000i\000n\000/\000D\000e\000s\000k\000t\000o\000p\000/\000H\000E\000R\000E\000\137\000W\000F\000l\000o\000w\000L\000a\000b\000/\000M\000e\000t\000e\000r\000/\000m\000a\000i\000n\000.\000c\000p\000p\000\040\000F\000i\000l\000e\000\040\000R\000e\000f\000e\000r\000e\000n\000c\000e}{chapter.5}% 172
\BOOKMARK [2][-]{subsection.5.17.1}{\376\377\0005\000.\0001\0007\000.\0001\000\040\000D\000e\000t\000a\000i\000l\000e\000d\000\040\000D\000e\000s\000c\000r\000i\000p\000t\000i\000o\000n}{section.5.17}% 173
\BOOKMARK [2][-]{subsection.5.17.2}{\376\377\0005\000.\0001\0007\000.\0002\000\040\000N\000o\000t\000e\000s}{section.5.17}% 174
\BOOKMARK [2][-]{subsection.5.17.3}{\376\377\0005\000.\0001\0007\000.\0003\000\040\000F\000u\000n\000c\000t\000i\000o\000n\000\040\000D\000o\000c\000u\000m\000e\000n\000t\000a\000t\000i\000o\000n}{section.5.17}% 175
\BOOKMARK [3][-]{subsubsection.5.17.3.1}{\376\377\0005\000.\0001\0007\000.\0003\000.\0001\000\040\000c\000h\000e\000c\000k\000A\000n\000d\000H\000a\000n\000d\000l\000e\000M\000u\000l\000t\000i\000p\000l\000e\000I\000n\000s\000t\000a\000n\000c\000e\000s\000\050\000\051}{subsection.5.17.3}% 176
\BOOKMARK [3][-]{subsubsection.5.17.3.2}{\376\377\0005\000.\0001\0007\000.\0003\000.\0002\000\040\000l\000o\000a\000d\000T\000r\000a\000n\000s\000l\000a\000t\000i\000o\000n\000s\000\050\000\051}{subsection.5.17.3}% 177
\BOOKMARK [3][-]{subsubsection.5.17.3.3}{\376\377\0005\000.\0001\0007\000.\0003\000.\0003\000\040\000m\000a\000i\000n\000\050\000\051}{subsection.5.17.3}% 178
\BOOKMARK [2][-]{subsection.5.17.4}{\376\377\0005\000.\0001\0007\000.\0004\000\040\000V\000a\000r\000i\000a\000b\000l\000e\000\040\000D\000o\000c\000u\000m\000e\000n\000t\000a\000t\000i\000o\000n}{section.5.17}% 179
\BOOKMARK [3][-]{subsubsection.5.17.4.1}{\376\377\0005\000.\0001\0007\000.\0004\000.\0001\000\040\000a\000p\000p\000T\000r\000a\000n\000s\000l\000a\000t\000o\000r}{subsection.5.17.4}% 180
\BOOKMARK [1][-]{section.5.18}{\376\377\0005\000.\0001\0008\000\040\000C\000:\000/\000U\000s\000e\000r\000s\000/\000C\000o\000n\000s\000t\000a\000n\000t\000i\000n\000/\000D\000e\000s\000k\000t\000o\000p\000/\000H\000E\000R\000E\000\137\000W\000F\000l\000o\000w\000L\000a\000b\000/\000M\000e\000t\000e\000r\000/\000m\000a\000i\000n\000w\000i\000n\000d\000o\000w\000.\000c\000p\000p\000\040\000F\000i\000l\000e\000\040\000R\000e\000f\000e\000r\000e\000n\000c\000e}{chapter.5}% 181
\BOOKMARK [2][-]{subsection.5.18.1}{\376\377\0005\000.\0001\0008\000.\0001\000\040\000D\000e\000t\000a\000i\000l\000e\000d\000\040\000D\000e\000s\000c\000r\000i\000p\000t\000i\000o\000n}{section.5.18}% 182
\BOOKMARK [2][-]{subsection.5.18.2}{\376\377\0005\000.\0001\0008\000.\0002\000\040\000V\000a\000r\000i\000a\000b\000l\000e\000\040\000D\000o\000c\000u\000m\000e\000n\000t\000a\000t\000i\000o\000n}{section.5.18}% 183
\BOOKMARK [3][-]{subsubsection.5.18.2.1}{\376\377\0005\000.\0001\0008\000.\0002\000.\0001\000\040\000a\000p\000p\000T\000r\000a\000n\000s\000l\000a\000t\000o\000r}{subsection.5.18.2}% 184
\BOOKMARK [3][-]{subsubsection.5.18.2.2}{\376\377\0005\000.\0001\0008\000.\0002\000.\0002\000\040\000p\000M\000a\000i\000n\000W\000i\000n\000d\000o\000w}{subsection.5.18.2}% 185
\BOOKMARK [1][-]{section.5.19}{\376\377\0005\000.\0001\0009\000\040\000C\000:\000/\000U\000s\000e\000r\000s\000/\000C\000o\000n\000s\000t\000a\000n\000t\000i\000n\000/\000D\000e\000s\000k\000t\000o\000p\000/\000H\000E\000R\000E\000\137\000W\000F\000l\000o\000w\000L\000a\000b\000/\000M\000e\000t\000e\000r\000/\000m\000a\000i\000n\000w\000i\000n\000d\000o\000w\000.\000h\000\040\000F\000i\000l\000e\000\040\000R\000e\000f\000e\000r\000e\000n\000c\000e}{chapter.5}% 186
\BOOKMARK [2][-]{subsection.5.19.1}{\376\377\0005\000.\0001\0009\000.\0001\000\040\000D\000e\000t\000a\000i\000l\000e\000d\000\040\000D\000e\000s\000c\000r\000i\000p\000t\000i\000o\000n}{section.5.19}% 187
\BOOKMARK [1][-]{section.5.20}{\376\377\0005\000.\0002\0000\000\040\000m\000a\000i\000n\000w\000i\000n\000d\000o\000w\000.\000h}{chapter.5}% 188
\BOOKMARK [1][-]{section.5.21}{\376\377\0005\000.\0002\0001\000\040\000C\000:\000/\000U\000s\000e\000r\000s\000/\000C\000o\000n\000s\000t\000a\000n\000t\000i\000n\000/\000D\000e\000s\000k\000t\000o\000p\000/\000H\000E\000R\000E\000\137\000W\000F\000l\000o\000w\000L\000a\000b\000/\000M\000e\000t\000e\000r\000/\000m\000d\0005\000.\000c\000p\000p\000\040\000F\000i\000l\000e\000\040\000R\000e\000f\000e\000r\000e\000n\000c\000e}{chapter.5}% 189
\BOOKMARK [2][-]{subsection.5.21.1}{\376\377\0005\000.\0002\0001\000.\0001\000\040\000D\000e\000t\000a\000i\000l\000e\000d\000\040\000D\000e\000s\000c\000r\000i\000p\000t\000i\000o\000n}{section.5.21}% 190
\BOOKMARK [2][-]{subsection.5.21.2}{\376\377\0005\000.\0002\0001\000.\0002\000\040\000F\000u\000n\000c\000t\000i\000o\000n\000\040\000D\000o\000c\000u\000m\000e\000n\000t\000a\000t\000i\000o\000n}{section.5.21}% 191
\BOOKMARK [3][-]{subsubsection.5.21.2.1}{\376\377\0005\000.\0002\0001\000.\0002\000.\0001\000\040\000m\000d\0005\000\050\000\051}{subsection.5.21.2}% 192
\BOOKMARK [3][-]{subsubsection.5.21.2.2}{\376\377\0005\000.\0002\0001\000.\0002\000.\0002\000\040\000o\000p\000e\000r\000a\000t\000o\000r\000<\000<\000\050\000\051}{subsection.5.21.2}% 193
\BOOKMARK [1][-]{section.5.22}{\376\377\0005\000.\0002\0002\000\040\000C\000:\000/\000U\000s\000e\000r\000s\000/\000C\000o\000n\000s\000t\000a\000n\000t\000i\000n\000/\000D\000e\000s\000k\000t\000o\000p\000/\000H\000E\000R\000E\000\137\000W\000F\000l\000o\000w\000L\000a\000b\000/\000M\000e\000t\000e\000r\000/\000m\000d\0005\000.\000h\000\040\000F\000i\000l\000e\000\040\000R\000e\000f\000e\000r\000e\000n\000c\000e}{chapter.5}% 194
\BOOKMARK [2][-]{subsection.5.22.1}{\376\377\0005\000.\0002\0002\000.\0001\000\040\000D\000e\000t\000a\000i\000l\000e\000d\000\040\000D\000e\000s\000c\000r\000i\000p\000t\000i\000o\000n}{section.5.22}% 195
\BOOKMARK [2][-]{subsection.5.22.2}{\376\377\0005\000.\0002\0002\000.\0002\000\040\000F\000u\000n\000c\000t\000i\000o\000n\000\040\000D\000o\000c\000u\000m\000e\000n\000t\000a\000t\000i\000o\000n}{section.5.22}% 196
\BOOKMARK [3][-]{subsubsection.5.22.2.1}{\376\377\0005\000.\0002\0002\000.\0002\000.\0001\000\040\000m\000d\0005\000\050\000\051}{subsection.5.22.2}% 197
\BOOKMARK [1][-]{section.5.23}{\376\377\0005\000.\0002\0003\000\040\000m\000d\0005\000.\000h}{chapter.5}% 198
\BOOKMARK [1][-]{section.5.24}{\376\377\0005\000.\0002\0004\000\040\000C\000:\000/\000U\000s\000e\000r\000s\000/\000C\000o\000n\000s\000t\000a\000n\000t\000i\000n\000/\000D\000e\000s\000k\000t\000o\000p\000/\000H\000E\000R\000E\000\137\000W\000F\000l\000o\000w\000L\000a\000b\000/\000M\000e\000t\000e\000r\000/\000r\000e\000p\000o\000r\000t\000.\000c\000p\000p\000\040\000F\000i\000l\000e\000\040\000R\000e\000f\000e\000r\000e\000n\000c\000e}{chapter.5}% 199
\BOOKMARK [2][-]{subsection.5.24.1}{\376\377\0005\000.\0002\0004\000.\0001\000\040\000D\000e\000t\000a\000i\000l\000e\000d\000\040\000D\000e\000s\000c\000r\000i\000p\000t\000i\000o\000n}{section.5.24}% 200
\BOOKMARK [2][-]{subsection.5.24.2}{\376\377\0005\000.\0002\0004\000.\0002\000\040\000F\000u\000n\000c\000t\000i\000o\000n\000\040\000D\000o\000c\000u\000m\000e\000n\000t\000a\000t\000i\000o\000n}{section.5.24}% 201
\BOOKMARK [3][-]{subsubsection.5.24.2.1}{\376\377\0005\000.\0002\0004\000.\0002\000.\0001\000\040\000c\000o\000n\000v\000e\000r\000t\000N\000u\000m\000b\000e\000r\000T\000o\000W\000o\000r\000d\000s\000\050\000\051}{subsection.5.24.2}% 202
\BOOKMARK [2][-]{subsection.5.24.3}{\376\377\0005\000.\0002\0004\000.\0003\000\040\000V\000a\000r\000i\000a\000b\000l\000e\000\040\000D\000o\000c\000u\000m\000e\000n\000t\000a\000t\000i\000o\000n}{section.5.24}% 203
\BOOKMARK [3][-]{subsubsection.5.24.3.1}{\376\377\0005\000.\0002\0004\000.\0003\000.\0001\000\040\000p\000M\000a\000i\000n\000W\000i\000n\000d\000o\000w}{subsection.5.24.3}% 204
\BOOKMARK [3][-]{subsubsection.5.24.3.2}{\376\377\0005\000.\0002\0004\000.\0003\000.\0002\000\040\000p\000r\000i\000n\000t\000R\000e\000p\000o\000r\000t\000P\000d\000f\000T\000h\000r\000e\000a\000d\000M\000u\000t\000e\000x}{subsection.5.24.3}% 205
\BOOKMARK [1][-]{section.5.25}{\376\377\0005\000.\0002\0005\000\040\000C\000:\000/\000U\000s\000e\000r\000s\000/\000C\000o\000n\000s\000t\000a\000n\000t\000i\000n\000/\000D\000e\000s\000k\000t\000o\000p\000/\000H\000E\000R\000E\000\137\000W\000F\000l\000o\000w\000L\000a\000b\000/\000M\000e\000t\000e\000r\000/\000r\000e\000p\000o\000r\000t\000.\000h\000\040\000F\000i\000l\000e\000\040\000R\000e\000f\000e\000r\000e\000n\000c\000e}{chapter.5}% 206
\BOOKMARK [2][-]{subsection.5.25.1}{\376\377\0005\000.\0002\0005\000.\0001\000\040\000D\000e\000t\000a\000i\000l\000e\000d\000\040\000D\000e\000s\000c\000r\000i\000p\000t\000i\000o\000n}{section.5.25}% 207
\BOOKMARK [1][-]{section.5.26}{\376\377\0005\000.\0002\0006\000\040\000r\000e\000p\000o\000r\000t\000.\000h}{chapter.5}% 208
\BOOKMARK [1][-]{section.5.27}{\376\377\0005\000.\0002\0007\000\040\000C\000:\000/\000U\000s\000e\000r\000s\000/\000C\000o\000n\000s\000t\000a\000n\000t\000i\000n\000/\000D\000e\000s\000k\000t\000o\000p\000/\000H\000E\000R\000E\000\137\000W\000F\000l\000o\000w\000L\000a\000b\000/\000M\000e\000t\000e\000r\000/\000t\000a\000b\000l\000e\000B\000o\000a\000r\000d\000.\000c\000p\000p\000\040\000F\000i\000l\000e\000\040\000R\000e\000f\000e\000r\000e\000n\000c\000e}{chapter.5}% 209
\BOOKMARK [2][-]{subsection.5.27.1}{\376\377\0005\000.\0002\0007\000.\0001\000\040\000D\000e\000t\000a\000i\000l\000e\000d\000\040\000D\000e\000s\000c\000r\000i\000p\000t\000i\000o\000n}{section.5.27}% 210
\BOOKMARK [2][-]{subsection.5.27.2}{\376\377\0005\000.\0002\0007\000.\0002\000\040\000F\000u\000n\000c\000t\000i\000o\000n\000\040\000D\000o\000c\000u\000m\000e\000n\000t\000a\000t\000i\000o\000n}{section.5.27}% 211
\BOOKMARK [3][-]{subsubsection.5.27.2.1}{\376\377\0005\000.\0002\0007\000.\0002\000.\0001\000\040\000p\000r\000e\000c\000i\000s\000i\000o\000n\000\137\0004\000\050\000\051}{subsection.5.27.2}% 212
\BOOKMARK [3][-]{subsubsection.5.27.2.2}{\376\377\0005\000.\0002\0007\000.\0002\000.\0002\000\040\000X\000O\000R\000\050\000\051}{subsection.5.27.2}% 213
\BOOKMARK [2][-]{subsection.5.27.3}{\376\377\0005\000.\0002\0007\000.\0003\000\040\000V\000a\000r\000i\000a\000b\000l\000e\000\040\000D\000o\000c\000u\000m\000e\000n\000t\000a\000t\000i\000o\000n}{section.5.27}% 214
\BOOKMARK [3][-]{subsubsection.5.27.3.1}{\376\377\0005\000.\0002\0007\000.\0003\000.\0001\000\040\000p\000M\000a\000i\000n\000W\000i\000n\000d\000o\000w}{subsection.5.27.3}% 215
\BOOKMARK [1][-]{section.5.28}{\376\377\0005\000.\0002\0008\000\040\000C\000:\000/\000U\000s\000e\000r\000s\000/\000C\000o\000n\000s\000t\000a\000n\000t\000i\000n\000/\000D\000e\000s\000k\000t\000o\000p\000/\000H\000E\000R\000E\000\137\000W\000F\000l\000o\000w\000L\000a\000b\000/\000M\000e\000t\000e\000r\000/\000t\000a\000b\000l\000e\000B\000o\000a\000r\000d\000.\000h\000\040\000F\000i\000l\000e\000\040\000R\000e\000f\000e\000r\000e\000n\000c\000e}{chapter.5}% 216
\BOOKMARK [2][-]{subsection.5.28.1}{\376\377\0005\000.\0002\0008\000.\0001\000\040\000D\000e\000t\000a\000i\000l\000e\000d\000\040\000D\000e\000s\000c\000r\000i\000p\000t\000i\000o\000n}{section.5.28}% 217
\BOOKMARK [2][-]{subsection.5.28.2}{\376\377\0005\000.\0002\0008\000.\0002\000\040\000F\000u\000n\000c\000t\000i\000o\000n\000\040\000D\000o\000c\000u\000m\000e\000n\000t\000a\000t\000i\000o\000n}{section.5.28}% 218
\BOOKMARK [3][-]{subsubsection.5.28.2.1}{\376\377\0005\000.\0002\0008\000.\0002\000.\0001\000\040\000t\000o\000\137\000s\000t\000r\000i\000n\000g\000\137\000w\000i\000t\000h\000\137\000p\000r\000e\000c\000i\000s\000i\000o\000n\000\050\000\051}{subsection.5.28.2}% 219
\BOOKMARK [1][-]{section.5.29}{\376\377\0005\000.\0002\0009\000\040\000t\000a\000b\000l\000e\000B\000o\000a\000r\000d\000.\000h}{chapter.5}% 220
\BOOKMARK [1][-]{section.5.30}{\376\377\0005\000.\0003\0000\000\040\000C\000:\000/\000U\000s\000e\000r\000s\000/\000C\000o\000n\000s\000t\000a\000n\000t\000i\000n\000/\000D\000e\000s\000k\000t\000o\000p\000/\000H\000E\000R\000E\000\137\000W\000F\000l\000o\000w\000L\000a\000b\000/\000M\000e\000t\000e\000r\000/\000w\000a\000t\000e\000r\000d\000e\000n\000s\000i\000t\000y\000.\000h\000\040\000F\000i\000l\000e\000\040\000R\000e\000f\000e\000r\000e\000n\000c\000e}{chapter.5}% 221
\BOOKMARK [2][-]{subsection.5.30.1}{\376\377\0005\000.\0003\0000\000.\0001\000\040\000D\000e\000t\000a\000i\000l\000e\000d\000\040\000D\000e\000s\000c\000r\000i\000p\000t\000i\000o\000n}{section.5.30}% 222
\BOOKMARK [2][-]{subsection.5.30.2}{\376\377\0005\000.\0003\0000\000.\0002\000\040\000F\000u\000n\000c\000t\000i\000o\000n\000\040\000D\000o\000c\000u\000m\000e\000n\000t\000a\000t\000i\000o\000n}{section.5.30}% 223
\BOOKMARK [3][-]{subsubsection.5.30.2.1}{\376\377\0005\000.\0003\0000\000.\0002\000.\0001\000\040\000l\000i\000n\000e\000a\000r\000I\000n\000t\000e\000r\000p\000o\000l\000a\000t\000i\000o\000n\000T\000e\000m\000p\000e\000r\000a\000t\000u\000r\000e\000\050\000\051}{subsection.5.30.2}% 224
\BOOKMARK [3][-]{subsubsection.5.30.2.2}{\376\377\0005\000.\0003\0000\000.\0002\000.\0002\000\040\000q\000u\000a\000d\000r\000a\000t\000i\000c\000I\000n\000t\000e\000r\000p\000o\000l\000a\000t\000i\000o\000n\000T\000e\000m\000p\000e\000r\000a\000t\000u\000r\000e\000\050\000\051}{subsection.5.30.2}% 225
\BOOKMARK [3][-]{subsubsection.5.30.2.3}{\376\377\0005\000.\0003\0000\000.\0002\000.\0003\000\040\000q\000u\000a\000d\000r\000a\000t\000i\000c\000I\000n\000t\000e\000r\000p\000o\000l\000a\000t\000i\000o\000n\000V\000o\000l\000u\000m\000e\000C\000o\000r\000r\000e\000c\000t\000i\000o\000n\000\050\000\051}{subsection.5.30.2}% 226
\BOOKMARK [1][-]{section.5.31}{\376\377\0005\000.\0003\0001\000\040\000w\000a\000t\000e\000r\000d\000e\000n\000s\000i\000t\000y\000.\000h}{chapter.5}% 227
